Base path: 'D:/unity/2019.4.16f1/Editor/Data', plugins path 'D:/unity/2019.4.16f1/Editor/Data/PlaybackEngines'
Cmd: initializeCompiler
Cmd: preprocessCompute
  insize=1696 outsize=1698 ok=1
Cmd: compileComputeKernel
  error: 1 plat 4 at particleCS.compute(31): signed/unsigned mismatch, unsigned assumed
  error: 1 plat 4 at particleCS.compute(49): implicit truncation of vector type
  error: 1 plat 4 at particleCS.compute(50): implicit truncation of vector type
  error: 1 plat 4 at particleCS.compute(52): implicit truncation of vector type
  error: 1 plat 4 at particleCS.compute(53): implicit truncation of vector type
  api=4 insize=1698 outsize=1778 ok=1
Cmd: preprocessCompute
  insize=1616 outsize=1618 ok=1
Cmd: compileComputeKernel
  error: 1 plat 4 at particleCS.compute(31): signed/unsigned mismatch, unsigned assumed
  api=4 insize=1618 outsize=1778 ok=1
Cmd: preprocessCompute
  insize=1620 outsize=1622 ok=1
Cmd: compileComputeKernel
  error: 1 plat 4 at particleCS.compute(31): signed/unsigned mismatch, unsigned assumed
  api=4 insize=1622 outsize=1778 ok=1
Cmd: preprocessCompute
  insize=1621 outsize=1623 ok=1
Cmd: compileComputeKernel
  error: 1 plat 4 at particleCS.compute(31): signed/unsigned mismatch, unsigned assumed
  api=4 insize=1623 outsize=1778 ok=1
Cmd: preprocessCompute
  insize=1622 outsize=1624 ok=1
Cmd: compileComputeKernel
  error: 1 plat 4 at particleCS.compute(31): signed/unsigned mismatch, unsigned assumed
  api=4 insize=1624 outsize=1778 ok=1
Cmd: preprocessCompute
  insize=1622 outsize=1624 ok=1
Cmd: compileComputeKernel
  error: 1 plat 4 at particleCS.compute(31): signed/unsigned mismatch, unsigned assumed
  api=4 insize=1624 outsize=1802 ok=1
Cmd: preprocessCompute
  insize=1622 outsize=1624 ok=1
Cmd: preprocessCompute
  insize=1620 outsize=1622 ok=1
Cmd: preprocessCompute
  insize=1593 outsize=1595 ok=1
Cmd: compileComputeKernel
  error: 1 plat 4 at particleCS.compute(30): signed/unsigned mismatch, unsigned assumed
  api=4 insize=1595 outsize=1778 ok=1
Cmd: preprocessCompute
  insize=1599 outsize=1601 ok=1
Cmd: compileComputeKernel
  error: 1 plat 4 at particleCS.compute(30): signed/unsigned mismatch, unsigned assumed
  api=4 insize=1601 outsize=1778 ok=1
Cmd: preprocessCompute
  insize=1594 outsize=1596 ok=1
Cmd: compileComputeKernel
  error: 1 plat 4 at particleCS.compute(30): signed/unsigned mismatch, unsigned assumed
  api=4 insize=1596 outsize=1778 ok=1
Cmd: preprocessCompute
  insize=1609 outsize=1611 ok=1
Cmd: compileComputeKernel
  error: 1 plat 4 at particleCS.compute(30): signed/unsigned mismatch, unsigned assumed
  api=4 insize=1611 outsize=1778 ok=1
Cmd: preprocessCompute
  insize=1625 outsize=1627 ok=1
Cmd: compileComputeKernel
  error: 1 plat 4 at particleCS.compute(30): signed/unsigned mismatch, unsigned assumed
  api=4 insize=1627 outsize=1778 ok=1
Cmd: preprocessCompute
  insize=1605 outsize=1607 ok=1
Cmd: compileComputeKernel
  error: 1 plat 4 at particleCS.compute(31): signed/unsigned mismatch, unsigned assumed
  api=4 insize=1607 outsize=1778 ok=1
Cmd: preprocessCompute
  insize=1604 outsize=1606 ok=1
Cmd: compileComputeKernel
  error: 1 plat 4 at particleCS.compute(31): signed/unsigned mismatch, unsigned assumed
  api=4 insize=1606 outsize=1778 ok=1
